{"$message_type":"diagnostic","message":"linking with `cc` failed: exit status: 1","code":null,"level":"error","spans":[],"children":[{"message":" \"cc\" \"-m64\" \"/tmp/rustcNCkB0M/symbols.o\" \"<154 object files omitted>\" \"-Wl,--as-needed\" \"-Wl,-Bstatic\" \"<sysroot>/lib/rustlib/x86_64-unknown-linux-gnu/lib/{libtest-*,libgetopts-*,librustc_std_workspace_std-*}.rlib\" \"/home/ubuntu/ainstein/ainstein_be/ferro_engine/target/debug/deps/{libunicode_segmentation-4af0ddb75903c664,libregex-b76823f3597772bb,libregex_automata-68bed62c76e5e9f5,libaho_corasick-f464dc01a4c069b8,libmemchr-9101f06f692338f9,libregex_syntax-e23c40ed469cfc7b,librayon-fc0ae772d72512d3,librayon_core-9178903f3184a574,libcrossbeam_deque-9a897eb13f69fe24,libcrossbeam_epoch-2f7ebfc9a54bb022,libcrossbeam_utils-a425dd4d130acaa8,libeither-0aa77009356d67ce,libpyo3-9bad21f9bfa5c923,libcfg_if-a3662b74b62b86e1,libmemoffset-c595f07e391bcfad,libonce_cell-ceeedbc3e1cff487,libpyo3_ffi-bdab28c8683e3656,liblibc-c262a4461d80f3f4,libunindent-22848286743edd8a}.rlib\" \"<sysroot>/lib/rustlib/x86_64-unknown-linux-gnu/lib/{libstd-*,libpanic_unwind-*,libobject-*,libmemchr-*,libaddr2line-*,libgimli-*,libcfg_if-*,librustc_demangle-*,libstd_detect-*,libhashbrown-*,librustc_std_workspace_alloc-*,libminiz_oxide-*,libadler2-*,libunwind-*,liblibc-*,librustc_std_workspace_core-*,liballoc-*,libcore-*,libcompiler_builtins-*}.rlib\" \"-Wl,-Bdynamic\" \"-lgcc_s\" \"-lutil\" \"-lrt\" \"-lpthread\" \"-lm\" \"-ldl\" \"-lc\" \"-L\" \"/tmp/rustcNCkB0M/raw-dylibs\" \"-B<sysroot>/lib/rustlib/x86_64-unknown-linux-gnu/bin/gcc-ld\" \"-fuse-ld=lld\" \"-Wl,--eh-frame-hdr\" \"-Wl,-z,noexecstack\" \"-L\" \"<sysroot>/lib/rustlib/x86_64-unknown-linux-gnu/lib\" \"-o\" \"/home/ubuntu/ainstein/ainstein_be/ferro_engine/target/debug/deps/ferro_engine-3db72538205dabfa\" \"-Wl,--gc-sections\" \"-pie\" \"-Wl,-z,relro,-z,now\" \"-nodefaultlibs\"","code":null,"level":"note","spans":[],"children":[],"rendered":null},{"message":"some arguments are omitted. use `--verbose` to show all linker arguments","code":null,"level":"note","spans":[],"children":[],"rendered":null},{"message":"rust-lld: error: undefined symbol: PyErr_Print\n>>> referenced by mod.rs:1081 (src/err/mod.rs:1081)\n>>>               pyo3-9bad21f9bfa5c923.pyo3.ec703fb021f5cf5e-cgu.12.rcgu.o:(pyo3::err::panic_after_error::heaaaf3452500d2c5) in archive /home/ubuntu/ainstein/ainstein_be/ferro_engine/target/debug/deps/libpyo3-9bad21f9bfa5c923.rlib\n\nrust-lld: error: undefined symbol: PyErr_NewExceptionWithDoc\n>>> referenced by mod.rs:569 (src/err/mod.rs:569)\n>>>               pyo3-9bad21f9bfa5c923.pyo3.ec703fb021f5cf5e-cgu.12.rcgu.o:(pyo3::err::PyErr::new_type_bound::hb0eabade6fb8b423) in archive /home/ubuntu/ainstein/ainstein_be/ferro_engine/target/debug/deps/libpyo3-9bad21f9bfa5c923.rlib\n\nrust-lld: error: undefined symbol: PyErr_PrintEx\n>>> referenced by mod.rs:474 (src/err/mod.rs:474)\n>>>               pyo3-9bad21f9bfa5c923.pyo3.ec703fb021f5cf5e-cgu.12.rcgu.o:(pyo3::err::PyErr::print_panic_and_unwind::h45e539cf2ffc3cc0) in archive /home/ubuntu/ainstein/ainstein_be/ferro_engine/target/debug/deps/libpyo3-9bad21f9bfa5c923.rlib\n\nrust-lld: error: undefined symbol: PyErr_WriteUnraisable\n>>> referenced by mod.rs:709 (src/err/mod.rs:709)\n>>>               pyo3-9bad21f9bfa5c923.pyo3.ec703fb021f5cf5e-cgu.12.rcgu.o:(pyo3::err::PyErr::write_unraisable_bound::h12602ff626c5c6c0) in archive /home/ubuntu/ainstein/ainstein_be/ferro_engine/target/debug/deps/libpyo3-9bad21f9bfa5c923.rlib\n\nrust-lld: error: undefined symbol: PyErr_SetRaisedException\n>>> referenced by err_state.rs:206 (src/err/err_state.rs:206)\n>>>               pyo3-9bad21f9bfa5c923.pyo3.ec703fb021f5cf5e-cgu.10.rcgu.o:(pyo3::err::err_state::PyErrState::restore::hf04bbba17cc3c5df) in archive /home/ubuntu/ainstein/ainstein_be/ferro_engine/target/debug/deps/libpyo3-9bad21f9bfa5c923.rlib\n\nrust-lld: error: undefined symbol: PyErr_SetObject\n>>> referenced by err_state.rs:246 (src/err/err_state.rs:246)\n>>>               pyo3-9bad21f9bfa5c923.pyo3.ec703fb021f5cf5e-cgu.10.rcgu.o:(pyo3::err::err_state::raise_lazy::h722b3257dda6444c) in archive /home/ubuntu/ainstein/ainstein_be/ferro_engine/target/debug/deps/libpyo3-9bad21f9bfa5c923.rlib\n\nrust-lld: error: undefined symbol: PyErr_SetString\n>>> referenced by err_state.rs:241 (src/err/err_state.rs:241)\n>>>               pyo3-9bad21f9bfa5c923.pyo3.ec703fb021f5cf5e-cgu.10.rcgu.o:(pyo3::err::err_state::raise_lazy::h722b3257dda6444c) in archive /home/ubuntu/ainstein/ainstein_be/ferro_engine/target/debug/deps/libpyo3-9bad21f9bfa5c923.rlib\n\nrust-lld: error: undefined symbol: PyException_GetTraceback\n>>> referenced by err_state.rs:40 (src/err/err_state.rs:40)\n>>>               pyo3-9bad21f9bfa5c923.pyo3.ec703fb021f5cf5e-cgu.10.rcgu.o:(pyo3::err::err_state::PyErrStateNormalized::ptraceback::h7d962c41f7334575) in archive /home/ubuntu/ainstein/ainstein_be/ferro_engine/target/debug/deps/libpyo3-9bad21f9bfa5c923.rlib\n\nrust-lld: error: undefined symbol: PyErr_GetRaisedException\n>>> referenced by err_state.rs:48 (src/err/err_state.rs:48)\n>>>               pyo3-9bad21f9bfa5c923.pyo3.ec703fb021f5cf5e-cgu.10.rcgu.o:(pyo3::err::err_state::PyErrStateNormalized::take::h85b13db9f134ecfc) in archive /home/ubuntu/ainstein/ainstein_be/ferro_engine/target/debug/deps/libpyo3-9bad21f9bfa5c923.rlib\n\nrust-lld: error: undefined symbol: _Py_Dealloc\n>>> referenced by object.rs:611 (/home/ubuntu/.cargo/registry/src/index.crates.io-1949cf8c6b5b557f/pyo3-ffi-0.22.6/src/object.rs:611)\n>>>               pyo3-9bad21f9bfa5c923.pyo3.ec703fb021f5cf5e-cgu.10.rcgu.o:(pyo3::gil::ReferencePool::update_counts::hfcbf2d7010bd7d81) in archive /home/ubuntu/ainstein/ainstein_be/ferro_engine/target/debug/deps/libpyo3-9bad21f9bfa5c923.rlib\n>>> referenced by object.rs:611 (/home/ubuntu/.cargo/registry/src/index.crates.io-1949cf8c6b5b557f/pyo3-ffi-0.22.6/src/object.rs:611)\n>>>               pyo3-9bad21f9bfa5c923.pyo3.ec703fb021f5cf5e-cgu.10.rcgu.o:(pyo3::gil::register_decref::h60405f6438f6ee80) in archive /home/ubuntu/ainstein/ainstein_be/ferro_engine/target/debug/deps/libpyo3-9bad21f9bfa5c923.rlib\n>>> referenced by object.rs:611 (/home/ubuntu/.cargo/registry/src/index.crates.io-1949cf8c6b5b557f/pyo3-ffi-0.22.6/src/object.rs:611)\n>>>               pyo3-9bad21f9bfa5c923.pyo3.ec703fb021f5cf5e-cgu.00.rcgu.o:(_$LT$pyo3..instance..Bound$LT$T$GT$$u20$as$u20$core..ops..drop..Drop$GT$::drop::h3919d3e422df4696) in archive /home/ubuntu/ainstein/ainstein_be/ferro_engine/target/debug/deps/libpyo3-9bad21f9bfa5c923.rlib\n>>> referenced 4 more times\n\nrust-lld: error: undefined symbol: Py_IsInitialized\n>>> referenced by gil.rs:80 (src/gil.rs:80)\n>>>               pyo3-9bad21f9bfa5c923.pyo3.ec703fb021f5cf5e-cgu.10.rcgu.o:(pyo3::gil::prepare_freethreaded_python::_$u7b$$u7b$closure$u7d$$u7d$::h6fdcb142bfb9fd3f) in archive /home/ubuntu/ainstein/ainstein_be/ferro_engine/target/debug/deps/libpyo3-9bad21f9bfa5c923.rlib\n>>> referenced by gil.rs:199 (src/gil.rs:199)\n>>>               pyo3-9bad21f9bfa5c923.pyo3.ec703fb021f5cf5e-cgu.10.rcgu.o:(pyo3::gil::GILGuard::acquire::_$u7b$$u7b$closure$u7d$$u7d$::h10c023db5ba08050) in archive /home/ubuntu/ainstein/ainstein_be/ferro_engine/target/debug/deps/libpyo3-9bad21f9bfa5c923.rlib\n\nrust-lld: error: undefined symbol: Py_InitializeEx\n>>> referenced by gil.rs:81 (src/gil.rs:81)\n>>>               pyo3-9bad21f9bfa5c923.pyo3.ec703fb021f5cf5e-cgu.10.rcgu.o:(pyo3::gil::prepare_freethreaded_python::_$u7b$$u7b$closure$u7d$$u7d$::h6fdcb142bfb9fd3f) in archive /home/ubuntu/ainstein/ainstein_be/ferro_engine/target/debug/deps/libpyo3-9bad21f9bfa5c923.rlib\n\nrust-lld: error: undefined symbol: PyEval_SaveThread\n>>> referenced by gil.rs:84 (src/gil.rs:84)\n>>>               pyo3-9bad21f9bfa5c923.pyo3.ec703fb021f5cf5e-cgu.10.rcgu.o:(pyo3::gil::prepare_freethreaded_python::_$u7b$$u7b$closure$u7d$$u7d$::h6fdcb142bfb9fd3f) in archive /home/ubuntu/ainstein/ainstein_be/ferro_engine/target/debug/deps/libpyo3-9bad21f9bfa5c923.rlib\n\nrust-lld: error: undefined symbol: PyGILState_Ensure\n>>> referenced by gil.rs:224 (src/gil.rs:224)\n>>>               pyo3-9bad21f9bfa5c923.pyo3.ec703fb021f5cf5e-cgu.10.rcgu.o:(pyo3::gil::GILGuard::acquire_unchecked::hadaa82175f71f094) in archive /home/ubuntu/ainstein/ainstein_be/ferro_engine/target/debug/deps/libpyo3-9bad21f9bfa5c923.rlib\n\nrust-lld: error: undefined symbol: PyGILState_Release\n>>> referenced by gil.rs:273 (src/gil.rs:273)\n>>>               pyo3-9bad21f9bfa5c923.pyo3.ec703fb021f5cf5e-cgu.10.rcgu.o:(_$LT$pyo3..gil..GILGuard$u20$as$u20$core..ops..drop..Drop$GT$::drop::hbd15fa61cf7e1f15) in archive /home/ubuntu/ainstein/ainstein_be/ferro_engine/target/debug/deps/libpyo3-9bad21f9bfa5c923.rlib\n\nrust-lld: error: undefined symbol: PyExc_TypeError\n>>> referenced by exceptions.rs:309 (src/exceptions.rs:309)\n>>>               pyo3-9bad21f9bfa5c923.pyo3.ec703fb021f5cf5e-cgu.10.rcgu.o:(_$LT$pyo3..exceptions..PyTypeError$u20$as$u20$pyo3..type_object..PyTypeInfo$GT$::type_object_raw::_$u7b$$u7b$closure$u7d$$u7d$::h6aa048ab97036e19) in archive /home/ubuntu/ainstein/ainstein_be/ferro_engine/target/debug/deps/libpyo3-9bad21f9bfa5c923.rlib\n>>> referenced by exceptions.rs:309 (src/exceptions.rs:309)\n>>>               pyo3-9bad21f9bfa5c923.pyo3.ec703fb021f5cf5e-cgu.10.rcgu.o:(_$LT$pyo3..exceptions..PyTypeError$u20$as$u20$pyo3..type_object..PyTypeInfo$GT$::type_object_raw::_$u7b$$u7b$closure$u7d$$u7d$::h6aa048ab97036e19) in archive /home/ubuntu/ainstein/ainstein_be/ferro_engine/target/debug/deps/libpyo3-9bad21f9bfa5c923.rlib\n\nrust-lld: error: undefined symbol: PyExc_BaseException\n>>> referenced by exceptions.rs:309 (src/exceptions.rs:309)\n>>>               pyo3-9bad21f9bfa5c923.pyo3.ec703fb021f5cf5e-cgu.10.rcgu.o:(_$LT$pyo3..exceptions..PyBaseException$u20$as$u20$pyo3..type_object..PyTypeInfo$GT$::type_object_raw::_$u7b$$u7b$closure$u7d$$u7d$::h538edaf92b95e8ae) in archive /home/ubuntu/ainstein/ainstein_be/ferro_engine/target/debug/deps/libpyo3-9bad21f9bfa5c923.rlib\n>>> referenced by exceptions.rs:309 (src/exceptions.rs:309)\n>>>               pyo3-9bad21f9bfa5c923.pyo3.ec703fb021f5cf5e-cgu.10.rcgu.o:(_$LT$pyo3..exceptions..PyBaseException$u20$as$u20$pyo3..type_object..PyTypeInfo$GT$::type_object_raw::_$u7b$$u7b$closure$u7d$$u7d$::h538edaf92b95e8ae) in archive /home/ubuntu/ainstein/ainstein_be/ferro_engine/target/debug/deps/libpyo3-9bad21f9bfa5c923.rlib\n\nrust-lld: error: undefined symbol: PyObject_Str\n>>> referenced by any.rs:2270 (src/types/any.rs:2270)\n>>>               pyo3-9bad21f9bfa5c923.pyo3.ec703fb021f5cf5e-cgu.00.rcgu.o:(_$LT$pyo3..instance..Bound$LT$pyo3..types..any..PyAny$GT$$u20$as$u20$pyo3..types..any..PyAnyMethods$GT$::str::h5f70b612237e8f90) in archive /home/ubuntu/ainstein/ainstein_be/ferro_engine/target/debug/deps/libpyo3-9bad21f9bfa5c923.rlib\n\nrust-lld: error: undefined symbol: PyObject_Repr\n>>> referenced by any.rs:2262 (src/types/any.rs:2262)\n>>>               pyo3-9bad21f9bfa5c923.pyo3.ec703fb021f5cf5e-cgu.00.rcgu.o:(_$LT$pyo3..instance..Bound$LT$pyo3..types..any..PyAny$GT$$u20$as$u20$pyo3..types..any..PyAnyMethods$GT$::repr::he39dedcf7c41a53c) in archive /home/ubuntu/ainstein/ainstein_be/ferro_engine/target/debug/deps/libpyo3-9bad21f9bfa5c923.rlib\n\nrust-lld: error: undefined symbol: PyType_GetName\n>>> referenced by typeobject.rs:178 (src/types/typeobject.rs:178)\n>>>               pyo3-9bad21f9bfa5c923.pyo3.ec703fb021f5cf5e-cgu.00.rcgu.o:(_$LT$pyo3..instance..Bound$LT$pyo3..types..typeobject..PyType$GT$$u20$as$u20$pyo3..types..typeobject..PyTypeMethods$GT$::name::hfe5acaffa682c74b) in archive /home/ubuntu/ainstein/ainstein_be/ferro_engine/target/debug/deps/libpyo3-9bad21f9bfa5c923.rlib\n\nrust-lld: error: too many errors emitted, stopping now (use --error-limit=0 to see all errors)\ncollect2: error: ld returned 1 exit status\n","code":null,"level":"note","spans":[],"children":[],"rendered":null}],"rendered":"\u001b[1m\u001b[91merror\u001b[0m\u001b[1m: linking with `cc` failed: exit status: 1\u001b[0m\n  \u001b[1m\u001b[94m|\u001b[0m\n  \u001b[1m\u001b[94m= \u001b[0m\u001b[1mnote\u001b[0m:  \"cc\" \"-m64\" \"/tmp/rustcNCkB0M/symbols.o\" \"<154 object files omitted>\" \"-Wl,--as-needed\" \"-Wl,-Bstatic\" \"<sysroot>/lib/rustlib/x86_64-unknown-linux-gnu/lib/{libtest-*,libgetopts-*,librustc_std_workspace_std-*}.rlib\" \"/home/ubuntu/ainstein/ainstein_be/ferro_engine/target/debug/deps/{libunicode_segmentation-4af0ddb75903c664,libregex-b76823f3597772bb,libregex_automata-68bed62c76e5e9f5,libaho_corasick-f464dc01a4c069b8,libmemchr-9101f06f692338f9,libregex_syntax-e23c40ed469cfc7b,librayon-fc0ae772d72512d3,librayon_core-9178903f3184a574,libcrossbeam_deque-9a897eb13f69fe24,libcrossbeam_epoch-2f7ebfc9a54bb022,libcrossbeam_utils-a425dd4d130acaa8,libeither-0aa77009356d67ce,libpyo3-9bad21f9bfa5c923,libcfg_if-a3662b74b62b86e1,libmemoffset-c595f07e391bcfad,libonce_cell-ceeedbc3e1cff487,libpyo3_ffi-bdab28c8683e3656,liblibc-c262a4461d80f3f4,libunindent-22848286743edd8a}.rlib\" \"<sysroot>/lib/rustlib/x86_64-unknown-linux-gnu/lib/{libstd-*,libpanic_unwind-*,libobject-*,libmemchr-*,libaddr2line-*,libgimli-*,libcfg_if-*,librustc_demangle-*,libstd_detect-*,libhashbrown-*,librustc_std_workspace_alloc-*,libminiz_oxide-*,libadler2-*,libunwind-*,liblibc-*,librustc_std_workspace_core-*,liballoc-*,libcore-*,libcompiler_builtins-*}.rlib\" \"-Wl,-Bdynamic\" \"-lgcc_s\" \"-lutil\" \"-lrt\" \"-lpthread\" \"-lm\" \"-ldl\" \"-lc\" \"-L\" \"/tmp/rustcNCkB0M/raw-dylibs\" \"-B<sysroot>/lib/rustlib/x86_64-unknown-linux-gnu/bin/gcc-ld\" \"-fuse-ld=lld\" \"-Wl,--eh-frame-hdr\" \"-Wl,-z,noexecstack\" \"-L\" \"<sysroot>/lib/rustlib/x86_64-unknown-linux-gnu/lib\" \"-o\" \"/home/ubuntu/ainstein/ainstein_be/ferro_engine/target/debug/deps/ferro_engine-3db72538205dabfa\" \"-Wl,--gc-sections\" \"-pie\" \"-Wl,-z,relro,-z,now\" \"-nodefaultlibs\"\n  \u001b[1m\u001b[94m= \u001b[0m\u001b[1mnote\u001b[0m: some arguments are omitted. use `--verbose` to show all linker arguments\n  \u001b[1m\u001b[94m= \u001b[0m\u001b[1mnote\u001b[0m: rust-lld: error: undefined symbol: PyErr_Print\n          >>> referenced by mod.rs:1081 (src/err/mod.rs:1081)\n          >>>               pyo3-9bad21f9bfa5c923.pyo3.ec703fb021f5cf5e-cgu.12.rcgu.o:(pyo3::err::panic_after_error::heaaaf3452500d2c5) in archive /home/ubuntu/ainstein/ainstein_be/ferro_engine/target/debug/deps/libpyo3-9bad21f9bfa5c923.rlib\n          \n          rust-lld: error: undefined symbol: PyErr_NewExceptionWithDoc\n          >>> referenced by mod.rs:569 (src/err/mod.rs:569)\n          >>>               pyo3-9bad21f9bfa5c923.pyo3.ec703fb021f5cf5e-cgu.12.rcgu.o:(pyo3::err::PyErr::new_type_bound::hb0eabade6fb8b423) in archive /home/ubuntu/ainstein/ainstein_be/ferro_engine/target/debug/deps/libpyo3-9bad21f9bfa5c923.rlib\n          \n          rust-lld: error: undefined symbol: PyErr_PrintEx\n          >>> referenced by mod.rs:474 (src/err/mod.rs:474)\n          >>>               pyo3-9bad21f9bfa5c923.pyo3.ec703fb021f5cf5e-cgu.12.rcgu.o:(pyo3::err::PyErr::print_panic_and_unwind::h45e539cf2ffc3cc0) in archive /home/ubuntu/ainstein/ainstein_be/ferro_engine/target/debug/deps/libpyo3-9bad21f9bfa5c923.rlib\n          \n          rust-lld: error: undefined symbol: PyErr_WriteUnraisable\n          >>> referenced by mod.rs:709 (src/err/mod.rs:709)\n          >>>               pyo3-9bad21f9bfa5c923.pyo3.ec703fb021f5cf5e-cgu.12.rcgu.o:(pyo3::err::PyErr::write_unraisable_bound::h12602ff626c5c6c0) in archive /home/ubuntu/ainstein/ainstein_be/ferro_engine/target/debug/deps/libpyo3-9bad21f9bfa5c923.rlib\n          \n          rust-lld: error: undefined symbol: PyErr_SetRaisedException\n          >>> referenced by err_state.rs:206 (src/err/err_state.rs:206)\n          >>>               pyo3-9bad21f9bfa5c923.pyo3.ec703fb021f5cf5e-cgu.10.rcgu.o:(pyo3::err::err_state::PyErrState::restore::hf04bbba17cc3c5df) in archive /home/ubuntu/ainstein/ainstein_be/ferro_engine/target/debug/deps/libpyo3-9bad21f9bfa5c923.rlib\n          \n          rust-lld: error: undefined symbol: PyErr_SetObject\n          >>> referenced by err_state.rs:246 (src/err/err_state.rs:246)\n          >>>               pyo3-9bad21f9bfa5c923.pyo3.ec703fb021f5cf5e-cgu.10.rcgu.o:(pyo3::err::err_state::raise_lazy::h722b3257dda6444c) in archive /home/ubuntu/ainstein/ainstein_be/ferro_engine/target/debug/deps/libpyo3-9bad21f9bfa5c923.rlib\n          \n          rust-lld: error: undefined symbol: PyErr_SetString\n          >>> referenced by err_state.rs:241 (src/err/err_state.rs:241)\n          >>>               pyo3-9bad21f9bfa5c923.pyo3.ec703fb021f5cf5e-cgu.10.rcgu.o:(pyo3::err::err_state::raise_lazy::h722b3257dda6444c) in archive /home/ubuntu/ainstein/ainstein_be/ferro_engine/target/debug/deps/libpyo3-9bad21f9bfa5c923.rlib\n          \n          rust-lld: error: undefined symbol: PyException_GetTraceback\n          >>> referenced by err_state.rs:40 (src/err/err_state.rs:40)\n          >>>               pyo3-9bad21f9bfa5c923.pyo3.ec703fb021f5cf5e-cgu.10.rcgu.o:(pyo3::err::err_state::PyErrStateNormalized::ptraceback::h7d962c41f7334575) in archive /home/ubuntu/ainstein/ainstein_be/ferro_engine/target/debug/deps/libpyo3-9bad21f9bfa5c923.rlib\n          \n          rust-lld: error: undefined symbol: PyErr_GetRaisedException\n          >>> referenced by err_state.rs:48 (src/err/err_state.rs:48)\n          >>>               pyo3-9bad21f9bfa5c923.pyo3.ec703fb021f5cf5e-cgu.10.rcgu.o:(pyo3::err::err_state::PyErrStateNormalized::take::h85b13db9f134ecfc) in archive /home/ubuntu/ainstein/ainstein_be/ferro_engine/target/debug/deps/libpyo3-9bad21f9bfa5c923.rlib\n          \n          rust-lld: error: undefined symbol: _Py_Dealloc\n          >>> referenced by object.rs:611 (/home/ubuntu/.cargo/registry/src/index.crates.io-1949cf8c6b5b557f/pyo3-ffi-0.22.6/src/object.rs:611)\n          >>>               pyo3-9bad21f9bfa5c923.pyo3.ec703fb021f5cf5e-cgu.10.rcgu.o:(pyo3::gil::ReferencePool::update_counts::hfcbf2d7010bd7d81) in archive /home/ubuntu/ainstein/ainstein_be/ferro_engine/target/debug/deps/libpyo3-9bad21f9bfa5c923.rlib\n          >>> referenced by object.rs:611 (/home/ubuntu/.cargo/registry/src/index.crates.io-1949cf8c6b5b557f/pyo3-ffi-0.22.6/src/object.rs:611)\n          >>>               pyo3-9bad21f9bfa5c923.pyo3.ec703fb021f5cf5e-cgu.10.rcgu.o:(pyo3::gil::register_decref::h60405f6438f6ee80) in archive /home/ubuntu/ainstein/ainstein_be/ferro_engine/target/debug/deps/libpyo3-9bad21f9bfa5c923.rlib\n          >>> referenced by object.rs:611 (/home/ubuntu/.cargo/registry/src/index.crates.io-1949cf8c6b5b557f/pyo3-ffi-0.22.6/src/object.rs:611)\n          >>>               pyo3-9bad21f9bfa5c923.pyo3.ec703fb021f5cf5e-cgu.00.rcgu.o:(_$LT$pyo3..instance..Bound$LT$T$GT$$u20$as$u20$core..ops..drop..Drop$GT$::drop::h3919d3e422df4696) in archive /home/ubuntu/ainstein/ainstein_be/ferro_engine/target/debug/deps/libpyo3-9bad21f9bfa5c923.rlib\n          >>> referenced 4 more times\n          \n          rust-lld: error: undefined symbol: Py_IsInitialized\n          >>> referenced by gil.rs:80 (src/gil.rs:80)\n          >>>               pyo3-9bad21f9bfa5c923.pyo3.ec703fb021f5cf5e-cgu.10.rcgu.o:(pyo3::gil::prepare_freethreaded_python::_$u7b$$u7b$closure$u7d$$u7d$::h6fdcb142bfb9fd3f) in archive /home/ubuntu/ainstein/ainstein_be/ferro_engine/target/debug/deps/libpyo3-9bad21f9bfa5c923.rlib\n          >>> referenced by gil.rs:199 (src/gil.rs:199)\n          >>>               pyo3-9bad21f9bfa5c923.pyo3.ec703fb021f5cf5e-cgu.10.rcgu.o:(pyo3::gil::GILGuard::acquire::_$u7b$$u7b$closure$u7d$$u7d$::h10c023db5ba08050) in archive /home/ubuntu/ainstein/ainstein_be/ferro_engine/target/debug/deps/libpyo3-9bad21f9bfa5c923.rlib\n          \n          rust-lld: error: undefined symbol: Py_InitializeEx\n          >>> referenced by gil.rs:81 (src/gil.rs:81)\n          >>>               pyo3-9bad21f9bfa5c923.pyo3.ec703fb021f5cf5e-cgu.10.rcgu.o:(pyo3::gil::prepare_freethreaded_python::_$u7b$$u7b$closure$u7d$$u7d$::h6fdcb142bfb9fd3f) in archive /home/ubuntu/ainstein/ainstein_be/ferro_engine/target/debug/deps/libpyo3-9bad21f9bfa5c923.rlib\n          \n          rust-lld: error: undefined symbol: PyEval_SaveThread\n          >>> referenced by gil.rs:84 (src/gil.rs:84)\n          >>>               pyo3-9bad21f9bfa5c923.pyo3.ec703fb021f5cf5e-cgu.10.rcgu.o:(pyo3::gil::prepare_freethreaded_python::_$u7b$$u7b$closure$u7d$$u7d$::h6fdcb142bfb9fd3f) in archive /home/ubuntu/ainstein/ainstein_be/ferro_engine/target/debug/deps/libpyo3-9bad21f9bfa5c923.rlib\n          \n          rust-lld: error: undefined symbol: PyGILState_Ensure\n          >>> referenced by gil.rs:224 (src/gil.rs:224)\n          >>>               pyo3-9bad21f9bfa5c923.pyo3.ec703fb021f5cf5e-cgu.10.rcgu.o:(pyo3::gil::GILGuard::acquire_unchecked::hadaa82175f71f094) in archive /home/ubuntu/ainstein/ainstein_be/ferro_engine/target/debug/deps/libpyo3-9bad21f9bfa5c923.rlib\n          \n          rust-lld: error: undefined symbol: PyGILState_Release\n          >>> referenced by gil.rs:273 (src/gil.rs:273)\n          >>>               pyo3-9bad21f9bfa5c923.pyo3.ec703fb021f5cf5e-cgu.10.rcgu.o:(_$LT$pyo3..gil..GILGuard$u20$as$u20$core..ops..drop..Drop$GT$::drop::hbd15fa61cf7e1f15) in archive /home/ubuntu/ainstein/ainstein_be/ferro_engine/target/debug/deps/libpyo3-9bad21f9bfa5c923.rlib\n          \n          rust-lld: error: undefined symbol: PyExc_TypeError\n          >>> referenced by exceptions.rs:309 (src/exceptions.rs:309)\n          >>>               pyo3-9bad21f9bfa5c923.pyo3.ec703fb021f5cf5e-cgu.10.rcgu.o:(_$LT$pyo3..exceptions..PyTypeError$u20$as$u20$pyo3..type_object..PyTypeInfo$GT$::type_object_raw::_$u7b$$u7b$closure$u7d$$u7d$::h6aa048ab97036e19) in archive /home/ubuntu/ainstein/ainstein_be/ferro_engine/target/debug/deps/libpyo3-9bad21f9bfa5c923.rlib\n          >>> referenced by exceptions.rs:309 (src/exceptions.rs:309)\n          >>>               pyo3-9bad21f9bfa5c923.pyo3.ec703fb021f5cf5e-cgu.10.rcgu.o:(_$LT$pyo3..exceptions..PyTypeError$u20$as$u20$pyo3..type_object..PyTypeInfo$GT$::type_object_raw::_$u7b$$u7b$closure$u7d$$u7d$::h6aa048ab97036e19) in archive /home/ubuntu/ainstein/ainstein_be/ferro_engine/target/debug/deps/libpyo3-9bad21f9bfa5c923.rlib\n          \n          rust-lld: error: undefined symbol: PyExc_BaseException\n          >>> referenced by exceptions.rs:309 (src/exceptions.rs:309)\n          >>>               pyo3-9bad21f9bfa5c923.pyo3.ec703fb021f5cf5e-cgu.10.rcgu.o:(_$LT$pyo3..exceptions..PyBaseException$u20$as$u20$pyo3..type_object..PyTypeInfo$GT$::type_object_raw::_$u7b$$u7b$closure$u7d$$u7d$::h538edaf92b95e8ae) in archive /home/ubuntu/ainstein/ainstein_be/ferro_engine/target/debug/deps/libpyo3-9bad21f9bfa5c923.rlib\n          >>> referenced by exceptions.rs:309 (src/exceptions.rs:309)\n          >>>               pyo3-9bad21f9bfa5c923.pyo3.ec703fb021f5cf5e-cgu.10.rcgu.o:(_$LT$pyo3..exceptions..PyBaseException$u20$as$u20$pyo3..type_object..PyTypeInfo$GT$::type_object_raw::_$u7b$$u7b$closure$u7d$$u7d$::h538edaf92b95e8ae) in archive /home/ubuntu/ainstein/ainstein_be/ferro_engine/target/debug/deps/libpyo3-9bad21f9bfa5c923.rlib\n          \n          rust-lld: error: undefined symbol: PyObject_Str\n          >>> referenced by any.rs:2270 (src/types/any.rs:2270)\n          >>>               pyo3-9bad21f9bfa5c923.pyo3.ec703fb021f5cf5e-cgu.00.rcgu.o:(_$LT$pyo3..instance..Bound$LT$pyo3..types..any..PyAny$GT$$u20$as$u20$pyo3..types..any..PyAnyMethods$GT$::str::h5f70b612237e8f90) in archive /home/ubuntu/ainstein/ainstein_be/ferro_engine/target/debug/deps/libpyo3-9bad21f9bfa5c923.rlib\n          \n          rust-lld: error: undefined symbol: PyObject_Repr\n          >>> referenced by any.rs:2262 (src/types/any.rs:2262)\n          >>>               pyo3-9bad21f9bfa5c923.pyo3.ec703fb021f5cf5e-cgu.00.rcgu.o:(_$LT$pyo3..instance..Bound$LT$pyo3..types..any..PyAny$GT$$u20$as$u20$pyo3..types..any..PyAnyMethods$GT$::repr::he39dedcf7c41a53c) in archive /home/ubuntu/ainstein/ainstein_be/ferro_engine/target/debug/deps/libpyo3-9bad21f9bfa5c923.rlib\n          \n          rust-lld: error: undefined symbol: PyType_GetName\n          >>> referenced by typeobject.rs:178 (src/types/typeobject.rs:178)\n          >>>               pyo3-9bad21f9bfa5c923.pyo3.ec703fb021f5cf5e-cgu.00.rcgu.o:(_$LT$pyo3..instance..Bound$LT$pyo3..types..typeobject..PyType$GT$$u20$as$u20$pyo3..types..typeobject..PyTypeMethods$GT$::name::hfe5acaffa682c74b) in archive /home/ubuntu/ainstein/ainstein_be/ferro_engine/target/debug/deps/libpyo3-9bad21f9bfa5c923.rlib\n          \n          rust-lld: error: too many errors emitted, stopping now (use --error-limit=0 to see all errors)\n          collect2: error: ld returned 1 exit status\n          \n\n"}
{"$message_type":"diagnostic","message":"aborting due to 1 previous error","code":null,"level":"error","spans":[],"children":[],"rendered":"\u001b[1m\u001b[91merror\u001b[0m\u001b[1m: aborting due to 1 previous error\u001b[0m\n\n"}
